<?xml version="1.0" encoding="UTF-8"?>
<testng-results ignored="0" total="3" passed="3" failed="0" skipped="0">
  <reporter-output>
  </reporter-output>
  <suite started-at="2026-07-15T14:40:50 IST" name="DIKSHA Automation Suite" finished-at="2026-07-15T14:52:45 IST" duration-ms="715611">
    <groups>
    </groups>
    <test started-at="2026-07-15T14:40:50 IST" name="DIKSHA End To End Automation" finished-at="2026-07-15T14:52:45 IST" duration-ms="715611">
      <class name="tests.TestUserOnboarding">
        <test-method is-config="true" signature="setUp()[pri:0, instance:tests.TestUserOnboarding@3c9d0b9d]" started-at="2026-07-15T14:40:50 IST" name="setUp" finished-at="2026-07-15T14:40:57 IST" duration-ms="7130" status="PASS">
          <reporter-output>
          </reporter-output>
        </test-method> <!-- setUp -->
        <test-method signature="launchApp()[pri:0, instance:tests.TestUserOnboarding@3c9d0b9d]" started-at="2026-07-15T14:40:57 IST" name="launchApp" finished-at="2026-07-15T14:43:59 IST" duration-ms="182011" status="PASS">
          <reporter-output>
          </reporter-output>
        </test-method> <!-- launchApp -->
        <test-method is-config="true" signature="tearDown()[pri:0, instance:tests.TestUserOnboarding@3c9d0b9d]" started-at="2026-07-15T14:43:59 IST" name="tearDown" finished-at="2026-07-15T14:44:00 IST" duration-ms="1143" status="PASS">
          <reporter-output>
          </reporter-output>
        </test-method> <!-- tearDown -->
      </class> <!-- tests.TestUserOnboarding -->
      <class name="tests.TestUserProfile">
        <test-method is-config="true" signature="setUp()[pri:0, instance:tests.TestUserProfile@7c0c77c7]" started-at="2026-07-15T14:44:00 IST" name="setUp" finished-at="2026-07-15T14:44:07 IST" duration-ms="6587" status="PASS">
          <reporter-output>
          </reporter-output>
        </test-method> <!-- setUp -->
        <test-method signature="updateProfile()[pri:0, instance:tests.TestUserProfile@7c0c77c7]" started-at="2026-07-15T14:44:07 IST" name="updateProfile" finished-at="2026-07-15T14:46:27 IST" duration-ms="140720" status="PASS">
          <reporter-output>
          </reporter-output>
        </test-method> <!-- updateProfile -->
        <test-method is-config="true" signature="tearDown()[pri:0, instance:tests.TestUserProfile@7c0c77c7]" started-at="2026-07-15T14:46:27 IST" name="tearDown" finished-at="2026-07-15T14:46:29 IST" duration-ms="1163" status="PASS">
          <reporter-output>
          </reporter-output>
        </test-method> <!-- tearDown -->
      </class> <!-- tests.TestUserProfile -->
      <class name="tests.TestUserConsumption">
        <test-method is-config="true" signature="setUp()[pri:0, instance:tests.TestUserConsumption@7adda9cc]" started-at="2026-07-15T14:46:29 IST" name="setUp" finished-at="2026-07-15T14:46:35 IST" duration-ms="6523" status="PASS">
          <reporter-output>
          </reporter-output>
        </test-method> <!-- setUp -->
        <test-method signature="ProjectConsumption()[pri:0, instance:tests.TestUserConsumption@7adda9cc]" started-at="2026-07-15T14:46:35 IST" name="ProjectConsumption" finished-at="2026-07-15T14:52:44 IST" duration-ms="368882" status="PASS">
          <reporter-output>
          </reporter-output>
        </test-method> <!-- ProjectConsumption -->
        <test-method is-config="true" signature="tearDown()[pri:0, instance:tests.TestUserConsumption@7adda9cc]" started-at="2026-07-15T14:52:44 IST" name="tearDown" finished-at="2026-07-15T14:52:45 IST" duration-ms="1412" status="PASS">
          <reporter-output>
          </reporter-output>
        </test-method> <!-- tearDown -->
      </class> <!-- tests.TestUserConsumption -->
    </test> <!-- DIKSHA End To End Automation -->
  </suite> <!-- DIKSHA Automation Suite -->
</testng-results>
