<?xml version="1.0" encoding="UTF-8"?>
<testsuite xmlns:xsi="http://www.w3.org/2001/XMLSchema-instance" xsi:noNamespaceSchemaLocation="https://maven.apache.org/surefire/maven-surefire-plugin/xsd/surefire-test-report.xsd" version="3.0.2" name="TestSuite" time="715.912" tests="3" errors="0" skipped="0" failures="0">
  <properties>
[...]
</properties>
  <testcase name="launchApp" classname="tests.TestUserOnboarding" time="182.012">
    <system-out><![CDATA[===== APP LAUNCHED =====

==================================================
 SELECTING LANGUAGE
==================================================

Current package = in.gov.diksha.app

==================================================
 SELECTING NEW USER
==================================================


==================================================
 SELECTING ROLE
==================================================


==================================================
 SELECTING BOARD
==================================================


=============== PAGE SOURCE START ===============
<?xml version='1.0' encoding='UTF-8' standalone='yes' ?>
<hierarchy index="0" class="hierarchy" rotation="0" width="1080" height="2186">
  <android.widget.FrameLayout index="0" package="in.gov.diksha.app" class="android.widget.FrameLayout" text="" checkable="false" checked="false" clickable="false" enabled="true" focusable="false" focused="false" long-clickable="false" password="false" scrollable="false" selected="false" bounds="[0,0][1080,2400]" displayed="true" a11y-important="true" screen-reader-focusable="false" drawing-order="0" showing-hint="false" text-entry-key="false" dismissable="false" a11y-focused="false" heading="false" live-region="0" context-clickable="false" content-invalid="false" window-id="8519">
    <android.widget.LinearLayout index="0" package="in.gov.diksha.app" class="android.widget.LinearLayout" text="" checkable="false" checked="false" clickable="false" enabled="true" focusable="false" focused="false" long-clickable="false" password="false" scrollable="false" selected="false" bounds="[0,0][1080,2400]" displayed="true" a11y-important="false" screen-reader-focusable="false" drawing-order="1" showing-hint="false" text-entry-key="false" dismissable="false" a11y-focused="false" heading="false" live-region="0" context-clickable="false" content-invalid="false" window-id="8519">
      <android.widget.FrameLayout index="0" package="in.gov.diksha.app" class="android.widget.FrameLayout" text="" resource-id="android:id/content" checkable="false" checked="false" clickable="false" enabled="true" focusable="false" focused="false" long-clickable="false" password="false" scrollable="false" selected="false" bounds="[0,0][1080,2400]" displayed="true" a11y-important="false" screen-reader-focusable="false" drawing-order="2" showing-hint="false" text-entry-key="false" dismissable="false" a11y-focused="false" heading="false" live-region="0" context-clickable="false" content-invalid="false" window-id="8519">
        <android.widget.FrameLayout index="0" package="in.gov.diksha.app" class="android.widget.FrameLayout" text="" checkable="false" checked="false" clickable="false" enabled="true" focusable="true" focused="false" long-clickable="false" password="false" scrollable="false" selected="false" bounds="[0,0][1080,2400]" displayed="true" a11y-important="false" screen-reader-focusable="false" drawing-order="1" showing-hint="false" text-entry-key="false" dismissable="false" a11y-focused="false" heading="false" live-region="0" context-clickable="false" content-invalid="false" pane-title=" " window-id="8519">
          <android.view.View index="0" package="in.gov.diksha.app" class="android.view.View" text="" resource-id="" checkable="false" checked="false" clickable="false" enabled="true" focusable="false" focused="false" long-clickable="false" password="false" scrollable="false" selected="false" bounds="[0,0][1080,2400]" displayed="true" a11y-important="false" screen-reader-focusable="false" drawing-order="0" showing-hint="false" text-entry-key="false" dismissable="false" a11y-focused="false" heading="false" live-region="0" context-clickable="false" content-invalid="false" window-id="8519">
            <android.view.View index="0" package="in.gov.diksha.app" class="android.view.View" text="" resource-id="" checkable="false" checked="false" clickable="false" enabled="true" focusable="false" focused="false" long-clickable="false" password="false" scrollable="false" selected="false" bounds="[0,0][1080,2400]" displayed="true" a11y-important="false" screen-reader-focusable="false" drawing-order="0" showing-hint="false" text-entry-key="false" dismissable="false" a11y-focused="false" heading="false" live-region="0" context-clickable="false" content-invalid="false" window-id="8519">
              <android.view.View index="0" package="in.gov.diksha.app" class="android.view.View" text="" resource-id="" checkable="false" checked="false" clickable="false" enabled="true" focusable="false" focused="false" long-clickable="false" password="false" scrollable="false" selected="false" bounds="[0,0][1080,2400]" displayed="true" a11y-important="false" screen-reader-focusable="false" drawing-order="0" showing-hint="false" text-entry-key="false" dismissable="false" a11y-focused="false" heading="false" live-region="0" context-clickable="false" content-invalid="false" window-id="8519">
                <android.view.View index="0" package="in.gov.diksha.app" class="android.view.View" text="" resource-id="" checkable="false" checked="false" clickable="false" enabled="true" focusable="false" focused="false" long-clickable="false" password="false" scrollable="false" selected="false" bounds="[0,0][1080,2400]" displayed="true" a11y-important="false" screen-reader-focusable="false" drawing-order="0" showing-hint="false" text-entry-key="false" dismissable="false" a11y-focused="false" heading="false" live-region="0" context-clickable="false" content-invalid="false" window-id="8519">
                  <android.view.View index="0" package="in.gov.diksha.app" class="android.view.View" text="" resource-id="" checkable="false" checked="false" clickable="false" enabled="true" focusable="false" focused="false" long-clickable="false" password="false" scrollable="false" selected="false" bounds="[0,0][1080,1562]" displayed="true" a11y-important="false" screen-reader-focusable="false" drawing-order="0" showing-hint="false" text-entry-key="false" dismissable="false" a11y-focused="false" heading="false" live-region="0" context-clickable="false" content-invalid="false" window-id="8519">
                    <android.view.View index="0" package="in.gov.diksha.app" class="android.view.View" text="" resource-id="" checkable="false" checked="false" clickable="true" enabled="true" focusable="true" focused="false" long-clickable="false" password="false" scrollable="false" selected="false" bounds="[42,169][105,232]" displayed="true" a11y-important="true" screen-reader-focusable="false" drawing-order="0" showing-hint="false" text-entry-key="false" dismissable="false" a11y-focused="false" heading="false" live-region="0" context-clickable="false" content-invalid="false" window-id="8519" />
                    <android.view.View index="1" package="in.gov.diksha.app" class="android.view.View" text="" content-desc="Discover content as a " resource-id="" checkable="false" checked="false" clickable="false" enabled="true" focusable="true" focused="false" long-clickable="false" password="false" scrollable="false" selected="false" bounds="[118,168][700,234]" displayed="true" a11y-important="true" screen-reader-focusable="false" drawing-order="0" showing-hint="false" text-entry-key="false" dismissable="false" a11y-focused="false" heading="false" live-region="0" context-clickable="false" content-invalid="false" window-id="8519" />
                    <android.view.View index="2" package="in.gov.diksha.app" class="android.view.View" text="" resource-id="" checkable="false" checked="false" clickable="false" enabled="true" focusable="false" focused="false" long-clickable="false" password="false" scrollable="false" selected="false" bounds="[42,286][1038,1388]" displayed="true" a11y-important="false" screen-reader-focusable="false" drawing-order="0" showing-hint="false" text-entry-key="false" dismissable="false" a11y-focused="false" heading="false" live-region="0" context-clickable="false" content-invalid="false" window-id="8519">
                      <android.view.View index="0" package="in.gov.diksha.app" class="android.view.View" text="" resource-id="" checkable="false" checked="false" clickable="false" enabled="true" focusable="false" focused="false" long-clickable="false" password="false" scrollable="false" selected="false" bounds="[42,286][1038,1388]" displayed="true" a11y-important="false" screen-reader-focusable="false" drawing-order="0" showing-hint="false" text-entry-key="false" dismissable="false" a11y-focused="false" heading="false" live-region="0" context-clickable="false" content-invalid="false" window-id="8519">
                        <android.widget.ImageView index="0" package="in.gov.diksha.app" class="android.widget.ImageView" text="" content-desc="Student" resource-id="" checkable="false" checked="false" clickable="true" enabled="true" focusable="true" focused="false" long-clickable="false" password="false" scrollable="false" selected="false" bounds="[42,286][520,818]" displayed="true" a11y-important="true" screen-reader-focusable="false" drawing-order="0" showing-hint="false" text-entry-key="false" dismissable="false" a11y-focused="false" heading="false" live-region="0" context-clickable="false" content-invalid="false" window-id="8519" />
                        <android.widget.ImageView index="1" package="in.gov.diksha.app" class="android.widget.ImageView" text="" content-desc="Teacher" resource-id="" checkable="false" checked="false" clickable="true" enabled="true" focusable="true" focused="false" long-clickable="false" password="false" scrollable="false" selected="false" bounds="[560,286][1038,818]" displayed="true" a11y-important="true" screen-reader-focusable="false" drawing-order="0" showing-hint="false" text-entry-key="false" dismissable="false" a11y-focused="false" heading="false" live-region="0" context-clickable="false" content-invalid="false" window-id="8519" />
                        <android.widget.ImageView index="2" package="in.gov.diksha.app" class="android.widget.ImageView" text="" content-desc="Parent" resource-id="" checkable="false" checked="false" clickable="true" enabled="true" focusable="true" focused="false" long-clickable="false" password="false" scrollable="false" selected="false" bounds="[42,857][520,1388]" displayed="true" a11y-important="true" screen-reader-focusable="false" drawing-order="0" showing-hint="false" text-entry-key="false" dismissable="false" a11y-focused="false" heading="false" live-region="0" context-clickable="false" content-invalid="false" window-id="8519" />
                        <android.widget.ImageView index="3" package="in.gov.diksha.app" class="android.widget.ImageView" text="" content-desc="HT &amp; Officials" resource-id="" checkable="false" checked="false" clickable="true" enabled="true" focusable="true" focused="false" long-clickable="false" password="false" scrollable="false" selected="false" bounds="[560,857][1038,1388]" displayed="true" a11y-important="true" screen-reader-focusable="false" drawing-order="0" showing-hint="false" text-entry-key="false" dismissable="false" a11y-focused="false" heading="false" live-region="0" context-clickable="false" content-invalid="false" window-id="8519" />
                      </android.view.View>
                    </android.view.View>
                  </android.view.View>
                </android.view.View>
              </android.view.View>
            </android.view.View>
          </android.view.View>
        </android.widget.FrameLayout>
      </android.widget.FrameLayout>
    </android.widget.LinearLayout>
  </android.widget.FrameLayout>
</hierarchy>
================ PAGE SOURCE END ================


==================================================
 SELECTING MEDIUM
==================================================


==================================================
 SELECTING CLASS
==================================================


==================================================
 PROFILE DETAILS COMPLETED
==================================================


=============== PAGE SOURCE START ===============
<?xml version='1.0' encoding='UTF-8' standalone='yes' ?>
<hierarchy index="0" class="hierarchy" rotation="0" width="1080" height="2186">
  <android.widget.FrameLayout index="0" package="in.gov.diksha.app" class="android.widget.FrameLayout" text="" checkable="false" checked="false" clickable="false" enabled="true" focusable="false" focused="false" long-clickable="false" password="false" scrollable="false" selected="false" bounds="[0,0][1080,2400]" displayed="true" a11y-important="true" screen-reader-focusable="false" drawing-order="0" showing-hint="false" text-entry-key="false" dismissable="false" a11y-focused="false" heading="false" live-region="0" context-clickable="false" content-invalid="false" window-id="8519">
    <android.widget.LinearLayout index="0" package="in.gov.diksha.app" class="android.widget.LinearLayout" text="" checkable="false" checked="false" clickable="false" enabled="true" focusable="false" focused="false" long-clickable="false" password="false" scrollable="false" selected="false" bounds="[0,0][1080,2400]" displayed="true" a11y-important="false" screen-reader-focusable="false" drawing-order="1" showing-hint="false" text-entry-key="false" dismissable="false" a11y-focused="false" heading="false" live-region="0" context-clickable="false" content-invalid="false" window-id="8519">
      <android.widget.FrameLayout index="0" package="in.gov.diksha.app" class="android.widget.FrameLayout" text="" resource-id="android:id/content" checkable="false" checked="false" clickable="false" enabled="true" focusable="false" focused="false" long-clickable="false" password="false" scrollable="false" selected="false" bounds="[0,0][1080,2400]" displayed="true" a11y-important="false" screen-reader-focusable="false" drawing-order="2" showing-hint="false" text-entry-key="false" dismissable="false" a11y-focused="false" heading="false" live-region="0" context-clickable="false" content-invalid="false" window-id="8519">
        <android.widget.FrameLayout index="0" package="in.gov.diksha.app" class="android.widget.FrameLayout" text="" checkable="false" checked="false" clickable="false" enabled="true" focusable="true" focused="false" long-clickable="false" password="false" scrollable="false" selected="false" bounds="[0,0][1080,2400]" displayed="true" a11y-important="false" screen-reader-focusable="false" drawing-order="1" showing-hint="false" text-entry-key="false" dismissable="false" a11y-focused="false" heading="false" live-region="0" context-clickable="false" content-invalid="false" pane-title=" " window-id="8519">
          <android.view.View index="0" package="in.gov.diksha.app" class="android.view.View" text="" resource-id="" checkable="false" checked="false" clickable="false" enabled="true" focusable="false" focused="false" long-clickable="false" password="false" scrollable="false" selected="false" bounds="[0,0][1080,2400]" displayed="true" a11y-important="false" screen-reader-focusable="false" drawing-order="0" showing-hint="false" text-entry-key="false" dismissable="false" a11y-focused="false" heading="false" live-region="0" context-clickable="false" content-invalid="false" window-id="8519">
            <android.view.View index="0" package="in.gov.diksha.app" class="android.view.View" text="" resource-id="" checkable="false" checked="false" clickable="false" enabled="true" focusable="false" focused="false" long-clickable="false" password="false" scrollable="false" selected="false" bounds="[0,0][1080,2400]" displayed="true" a11y-important="false" screen-reader-focusable="false" drawing-order="0" showing-hint="false" text-entry-key="false" dismissable="false" a11y-focused="false" heading="false" live-region="0" context-clickable="false" content-invalid="false" window-id="8519">
              <android.view.View index="0" package="in.gov.diksha.app" class="android.view.View" text="" resource-id="" checkable="false" checked="false" clickable="false" enabled="true" focusable="false" focused="false" long-clickable="false" password="false" scrollable="false" selected="false" bounds="[0,0][1080,2400]" displayed="true" a11y-important="false" screen-reader-focusable="false" drawing-order="0" showing-hint="false" text-entry-key="false" dismissable="false" a11y-focused="false" heading="false" live-region="0" context-clickable="false" content-invalid="false" window-id="8519">
                <android.view.View index="0" package="in.gov.diksha.app" class="android.view.View" text="" resource-id="" checkable="false" checked="false" clickable="false" enabled="true" focusable="false" focused="false" long-clickable="false" password="false" scrollable="false" selected="false" bounds="[0,0][1080,2400]" displayed="true" a11y-important="false" screen-reader-focusable="false" drawing-order="0" showing-hint="false" text-entry-key="false" dismissable="false" a11y-focused="false" heading="false" live-region="0" context-clickable="false" content-invalid="false" window-id="8519">
                  <android.view.View index="0" package="in.gov.diksha.app" class="android.view.View" text="" resource-id="" checkable="false" checked="false" clickable="false" enabled="true" focusable="false" focused="false" long-clickable="false" password="false" scrollable="false" selected="false" bounds="[0,0][1080,88]" displayed="true" a11y-important="false" screen-reader-focusable="false" drawing-order="0" showing-hint="false" text-entry-key="false" dismissable="false" a11y-focused="false" heading="false" live-region="0" context-clickable="false" content-invalid="false" window-id="8519" />
                  <android.view.View index="1" package="in.gov.diksha.app" class="android.view.View" text="" resource-id="" checkable="false" checked="false" clickable="false" enabled="true" focusable="true" focused="false" long-clickable="false" password="false" scrollable="false" selected="false" bounds="[0,88][1080,2274]" displayed="true" a11y-important="true" screen-reader-focusable="false" drawing-order="0" showing-hint="false" text-entry-key="false" dismissable="false" a11y-focused="false" heading="false" live-region="0" context-clickable="false" content-invalid="false" window-id="8519">
                    <android.view.ViewGroup index="0" package="in.gov.diksha.app" class="android.view.ViewGroup" text="" checkable="false" checked="false" clickable="false" enabled="false" focusable="false" focused="false" long-clickable="false" password="false" scrollable="false" selected="false" bounds="[0,88][1079,2273]" displayed="true" a11y-important="false" screen-reader-focusable="false" drawing-order="1" showing-hint="false" text-entry-key="false" dismissable="false" a11y-focused="false" heading="false" live-region="0" context-clickable="false" content-invalid="false" window-id="8519">
                      <android.webkit.WebView index="0" package="in.gov.diksha.app" class="android.webkit.WebView" text="" checkable="false" checked="false" clickable="true" enabled="true" focusable="true" focused="false" long-clickable="true" password="false" scrollable="false" selected="false" bounds="[0,88][1079,2273]" displayed="true" a11y-important="true" screen-reader-focusable="false" drawing-order="1" showing-hint="false" text-entry-key="false" dismissable="false" a11y-focused="false" heading="false" live-region="0" context-clickable="false" content-invalid="false" window-id="8519" />
                    </android.view.ViewGroup>
                  </android.view.View>
                </android.view.View>
              </android.view.View>
            </android.view.View>
          </android.view.View>
        </android.widget.FrameLayout>
      </android.widget.FrameLayout>
    </android.widget.LinearLayout>
  </android.widget.FrameLayout>
</hierarchy>
================ PAGE SOURCE END ================


==================================================
 REGISTER PAGE OPENED
==================================================

===== DATE PICKER OPEN =====
===== YEAR PICKER OPEN =====
===== YEAR 2015 SELECTED =====
===== JANUARY 2012 REACHED =====
===== DATE SELECTED =====
===== DATE SETTING DONE =====

==================================================
 ENTER OTP MANUALLY
==================================================


==================================================
 REGISTRATION COMPLETED
==================================================


==================================================
 LOGGING IN
==================================================


==================================================
 LOGIN SUCCESSFUL
==================================================

===== REGISTRATION COMPLETED & LOGIN SUCCESSFUL =====
]]></system-out>
    <system-err><![CDATA[SLF4J: No SLF4J providers were found.
SLF4J: Defaulting to no-operation (NOP) logger implementation
SLF4J: See https://www.slf4j.org/codes.html#noProviders for further details.
]]></system-err>
  </testcase>
  <testcase name="updateProfile" classname="tests.TestUserProfile" time="140.72">
    <system-out><![CDATA[===== APP LAUNCHED =====

==================================================
 SELECTING LANGUAGE
==================================================

Current package = in.gov.diksha.app

==================================================
 OPENING LOGIN PAGE
==================================================


==================================================
 LOGIN PAGE OPENED
==================================================


=============== PAGE SOURCE START ===============
<?xml version='1.0' encoding='UTF-8' standalone='yes' ?>
<hierarchy index="0" class="hierarchy" rotation="0" width="1080" height="2186">
  <android.widget.FrameLayout index="0" package="in.gov.diksha.app" class="android.widget.FrameLayout" text="" checkable="false" checked="false" clickable="false" enabled="true" focusable="false" focused="false" long-clickable="false" password="false" scrollable="false" selected="false" bounds="[0,0][1080,2400]" displayed="true" a11y-important="true" screen-reader-focusable="false" drawing-order="0" showing-hint="false" text-entry-key="false" dismissable="false" a11y-focused="false" heading="false" live-region="0" context-clickable="false" content-invalid="false" window-id="8536">
    <android.widget.LinearLayout index="0" package="in.gov.diksha.app" class="android.widget.LinearLayout" text="" checkable="false" checked="false" clickable="false" enabled="true" focusable="false" focused="false" long-clickable="false" password="false" scrollable="false" selected="false" bounds="[0,0][1080,2400]" displayed="true" a11y-important="false" screen-reader-focusable="false" drawing-order="1" showing-hint="false" text-entry-key="false" dismissable="false" a11y-focused="false" heading="false" live-region="0" context-clickable="false" content-invalid="false" window-id="8536">
      <android.widget.FrameLayout index="0" package="in.gov.diksha.app" class="android.widget.FrameLayout" text="" resource-id="android:id/content" checkable="false" checked="false" clickable="false" enabled="true" focusable="false" focused="false" long-clickable="false" password="false" scrollable="false" selected="false" bounds="[0,0][1080,2400]" displayed="true" a11y-important="false" screen-reader-focusable="false" drawing-order="2" showing-hint="false" text-entry-key="false" dismissable="false" a11y-focused="false" heading="false" live-region="0" context-clickable="false" content-invalid="false" window-id="8536">
        <android.widget.FrameLayout index="0" package="in.gov.diksha.app" class="android.widget.FrameLayout" text="" checkable="false" checked="false" clickable="false" enabled="true" focusable="true" focused="false" long-clickable="false" password="false" scrollable="false" selected="false" bounds="[0,0][1080,2400]" displayed="true" a11y-important="false" screen-reader-focusable="false" drawing-order="1" showing-hint="false" text-entry-key="false" dismissable="false" a11y-focused="false" heading="false" live-region="0" context-clickable="false" content-invalid="false" pane-title=" " window-id="8536">
          <android.view.View index="0" package="in.gov.diksha.app" class="android.view.View" text="" resource-id="" checkable="false" checked="false" clickable="false" enabled="true" focusable="false" focused="false" long-clickable="false" password="false" scrollable="false" selected="false" bounds="[0,0][1080,2400]" displayed="true" a11y-important="false" screen-reader-focusable="false" drawing-order="0" showing-hint="false" text-entry-key="false" dismissable="false" a11y-focused="false" heading="false" live-region="0" context-clickable="false" content-invalid="false" window-id="8536">
            <android.view.View index="0" package="in.gov.diksha.app" class="android.view.View" text="" resource-id="" checkable="false" checked="false" clickable="false" enabled="true" focusable="false" focused="false" long-clickable="false" password="false" scrollable="false" selected="false" bounds="[0,0][1080,2400]" displayed="true" a11y-important="false" screen-reader-focusable="false" drawing-order="0" showing-hint="false" text-entry-key="false" dismissable="false" a11y-focused="false" heading="false" live-region="0" context-clickable="false" content-invalid="false" window-id="8536">
              <android.view.View index="0" package="in.gov.diksha.app" class="android.view.View" text="" resource-id="" checkable="false" checked="false" clickable="false" enabled="true" focusable="false" focused="false" long-clickable="false" password="false" scrollable="false" selected="false" bounds="[0,0][1080,2400]" displayed="true" a11y-important="false" screen-reader-focusable="false" drawing-order="0" showing-hint="false" text-entry-key="false" dismissable="false" a11y-focused="false" heading="false" live-region="0" context-clickable="false" content-invalid="false" window-id="8536">
                <android.view.View index="0" package="in.gov.diksha.app" class="android.view.View" text="" resource-id="" checkable="false" checked="false" clickable="false" enabled="true" focusable="false" focused="false" long-clickable="false" password="false" scrollable="false" selected="false" bounds="[0,0][1080,2400]" displayed="true" a11y-important="false" screen-reader-focusable="false" drawing-order="0" showing-hint="false" text-entry-key="false" dismissable="false" a11y-focused="false" heading="false" live-region="0" context-clickable="false" content-invalid="false" window-id="8536">
                  <android.view.View index="0" package="in.gov.diksha.app" class="android.view.View" text="" resource-id="" checkable="false" checked="false" clickable="true" enabled="true" focusable="true" focused="false" long-clickable="false" password="false" scrollable="false" selected="false" bounds="[42,168][105,231]" displayed="true" a11y-important="true" screen-reader-focusable="false" drawing-order="0" showing-hint="false" text-entry-key="false" dismissable="false" a11y-focused="false" heading="false" live-region="0" context-clickable="false" content-invalid="false" window-id="8536" />
                  <android.widget.ImageView index="1" package="in.gov.diksha.app" class="android.widget.ImageView" text="" resource-id="" checkable="false" checked="false" clickable="false" enabled="true" focusable="false" focused="false" long-clickable="false" password="false" scrollable="false" selected="false" bounds="[42,231][1014,1203]" displayed="true" a11y-important="false" screen-reader-focusable="false" drawing-order="0" showing-hint="false" text-entry-key="false" dismissable="false" a11y-focused="false" heading="false" live-region="0" context-clickable="false" content-invalid="false" window-id="8536" />
                  <android.view.View index="2" package="in.gov.diksha.app" class="android.view.View" text="" content-desc="Are you a new user or existing user?" resource-id="" checkable="false" checked="false" clickable="false" enabled="true" focusable="true" focused="false" long-clickable="false" password="false" scrollable="false" selected="false" bounds="[84,1308][996,1455]" displayed="true" a11y-important="true" screen-reader-focusable="false" drawing-order="0" showing-hint="false" text-entry-key="false" dismissable="false" a11y-focused="false" heading="false" live-region="0" context-clickable="false" content-invalid="false" window-id="8536" />
                  <android.view.View index="3" package="in.gov.diksha.app" class="android.view.View" text="" content-desc="New User" resource-id="" checkable="false" checked="false" clickable="true" enabled="true" focusable="true" focused="false" long-clickable="false" password="false" scrollable="false" selected="false" bounds="[42,1508][1038,1618]" displayed="true" a11y-important="true" screen-reader-focusable="false" drawing-order="0" showing-hint="false" text-entry-key="false" dismissable="false" a11y-focused="false" heading="false" live-region="0" context-clickable="false" content-invalid="false" window-id="8536" />
                  <android.view.View index="4" package="in.gov.diksha.app" class="android.view.View" text="" content-desc="Existing User" resource-id="" checkable="false" checked="false" clickable="true" enabled="true" focusable="true" focused="false" long-clickable="false" password="false" scrollable="false" selected="false" bounds="[42,1670][1038,1781]" displayed="true" a11y-important="true" screen-reader-focusable="false" drawing-order="0" showing-hint="false" text-entry-key="false" dismissable="false" a11y-focused="false" heading="false" live-region="0" context-clickable="false" content-invalid="false" window-id="8536" />
                </android.view.View>
              </android.view.View>
            </android.view.View>
          </android.view.View>
        </android.widget.FrameLayout>
      </android.widget.FrameLayout>
    </android.widget.LinearLayout>
  </android.widget.FrameLayout>
</hierarchy>
================ PAGE SOURCE END ================


==================================================
 ENTERING EMAIL
==================================================


==================================================
 ENTERING PASSWORD
==================================================


==================================================
 CLICKING LOGIN
==================================================


==================================================
 LOGIN COMPLETED
==================================================

===== LOGIN SUCCESSFUL =====

==================================================
 OPENING PROFILE
==================================================


==================================================
 PROFILE OPENED
==================================================

Scroll : 1
Scroll : 2

==================================================
 ACADEMIC SECTION REACHED
==================================================


==================================================
 UPDATING STATE
==================================================

Scroll : 1
Scroll : 2
Scroll : 3
===== AFTER SCROLL =====

==================================================
 UPDATING DISTRICT
==================================================


==================================================
 UPDATING SUB ROLE
==================================================


==================================================
 SAVING PROFILE
==================================================


==================================================
 PROFILE SAVED
==================================================


==================================================
 RETURNED TO HOME PAGE
==================================================


==================================================
 OPENING PROGRAM CARD
==================================================


==================================================
 PROGRAM CARD OPENED
==================================================


=============== PAGE SOURCE START ===============
<?xml version='1.0' encoding='UTF-8' standalone='yes' ?>
<hierarchy index="0" class="hierarchy" rotation="0" width="1080" height="2186">
  <android.widget.FrameLayout index="0" package="in.gov.diksha.app" class="android.widget.FrameLayout" text="" checkable="false" checked="false" clickable="false" enabled="true" focusable="false" focused="false" long-clickable="false" password="false" scrollable="false" selected="false" bounds="[0,0][1080,2400]" displayed="true" a11y-important="true" screen-reader-focusable="false" drawing-order="0" showing-hint="false" text-entry-key="false" dismissable="false" a11y-focused="false" heading="false" live-region="0" context-clickable="false" content-invalid="false" window-id="8536">
    <android.widget.LinearLayout index="0" package="in.gov.diksha.app" class="android.widget.LinearLayout" text="" checkable="false" checked="false" clickable="false" enabled="true" focusable="false" focused="false" long-clickable="false" password="false" scrollable="false" selected="false" bounds="[0,0][1080,2400]" displayed="true" a11y-important="false" screen-reader-focusable="false" drawing-order="1" showing-hint="false" text-entry-key="false" dismissable="false" a11y-focused="false" heading="false" live-region="0" context-clickable="false" content-invalid="false" window-id="8536">
      <android.widget.FrameLayout index="0" package="in.gov.diksha.app" class="android.widget.FrameLayout" text="" resource-id="android:id/content" checkable="false" checked="false" clickable="false" enabled="true" focusable="false" focused="false" long-clickable="false" password="false" scrollable="false" selected="false" bounds="[0,0][1080,2400]" displayed="true" a11y-important="false" screen-reader-focusable="false" drawing-order="2" showing-hint="false" text-entry-key="false" dismissable="false" a11y-focused="false" heading="false" live-region="0" context-clickable="false" content-invalid="false" window-id="8536">
        <android.widget.FrameLayout index="0" package="in.gov.diksha.app" class="android.widget.FrameLayout" text="" checkable="false" checked="false" clickable="false" enabled="true" focusable="true" focused="false" long-clickable="false" password="false" scrollable="false" selected="false" bounds="[0,0][1080,2400]" displayed="true" a11y-important="false" screen-reader-focusable="false" drawing-order="1" showing-hint="false" text-entry-key="false" dismissable="false" a11y-focused="false" heading="false" live-region="0" context-clickable="false" content-invalid="false" pane-title="Programs" window-id="8536">
          <android.view.View index="0" package="in.gov.diksha.app" class="android.view.View" text="" resource-id="" checkable="false" checked="false" clickable="false" enabled="true" focusable="false" focused="false" long-clickable="false" password="false" scrollable="false" selected="false" bounds="[0,0][1080,2400]" displayed="true" a11y-important="false" screen-reader-focusable="false" drawing-order="0" showing-hint="false" text-entry-key="false" dismissable="false" a11y-focused="false" heading="false" live-region="0" context-clickable="false" content-invalid="false" window-id="8536">
            <android.view.View index="0" package="in.gov.diksha.app" class="android.view.View" text="" resource-id="" checkable="false" checked="false" clickable="false" enabled="true" focusable="false" focused="false" long-clickable="false" password="false" scrollable="false" selected="false" bounds="[0,0][1080,2400]" displayed="true" a11y-important="false" screen-reader-focusable="false" drawing-order="0" showing-hint="false" text-entry-key="false" dismissable="false" a11y-focused="false" heading="false" live-region="0" context-clickable="false" content-invalid="false" window-id="8536">
              <android.view.View index="0" package="in.gov.diksha.app" class="android.view.View" text="" resource-id="" checkable="false" checked="false" clickable="false" enabled="true" focusable="false" focused="false" long-clickable="false" password="false" scrollable="false" selected="false" bounds="[0,0][1080,2400]" displayed="true" a11y-important="false" screen-reader-focusable="false" drawing-order="0" showing-hint="false" text-entry-key="false" dismissable="false" a11y-focused="false" heading="false" live-region="0" context-clickable="false" content-invalid="false" window-id="8536">
                <android.view.View index="0" package="in.gov.diksha.app" class="android.view.View" text="" resource-id="" checkable="false" checked="false" clickable="false" enabled="true" focusable="false" focused="false" long-clickable="false" password="false" scrollable="false" selected="false" bounds="[0,0][1080,2400]" displayed="true" a11y-important="false" screen-reader-focusable="false" drawing-order="0" showing-hint="false" text-entry-key="false" dismissable="false" a11y-focused="false" heading="false" live-region="0" context-clickable="false" content-invalid="false" window-id="8536">
                  <android.view.View index="0" package="in.gov.diksha.app" class="android.view.View" text="" resource-id="" checkable="false" checked="false" clickable="false" enabled="true" focusable="false" focused="false" long-clickable="false" password="false" scrollable="false" selected="false" bounds="[0,0][1080,235]" displayed="true" a11y-important="false" screen-reader-focusable="false" drawing-order="0" showing-hint="false" text-entry-key="false" dismissable="false" a11y-focused="false" heading="false" live-region="0" context-clickable="false" content-invalid="false" window-id="8536">
                    <android.widget.Button index="0" package="in.gov.diksha.app" class="android.widget.Button" text="" content-desc="Back" resource-id="" checkable="false" checked="false" clickable="true" enabled="true" focusable="true" focused="false" long-clickable="false" password="false" scrollable="false" selected="false" bounds="[11,99][137,225]" displayed="true" a11y-important="true" screen-reader-focusable="false" drawing-order="0" showing-hint="false" text-entry-key="false" dismissable="false" a11y-focused="false" heading="false" live-region="0" context-clickable="false" content-invalid="false" tooltip-text="Back" window-id="8536" />
                    <android.view.View index="1" package="in.gov.diksha.app" class="android.view.View" text="" content-desc="Programs" resource-id="" checkable="false" checked="false" clickable="false" enabled="true" focusable="true" focused="false" long-clickable="false" password="false" scrollable="false" selected="false" bounds="[189,133][420,190]" displayed="true" a11y-important="true" screen-reader-focusable="false" drawing-order="0" showing-hint="false" text-entry-key="false" dismissable="false" a11y-focused="false" heading="false" live-region="0" context-clickable="false" content-invalid="false" window-id="8536" />
                  </android.view.View>
                  <android.view.View index="1" package="in.gov.diksha.app" class="android.view.View" text="" resource-id="" checkable="false" checked="false" clickable="false" enabled="true" focusable="true" focused="false" long-clickable="false" password="false" scrollable="false" selected="false" bounds="[0,235][1080,2274]" displayed="true" a11y-important="true" screen-reader-focusable="false" drawing-order="0" showing-hint="false" text-entry-key="false" dismissable="false" a11y-focused="false" heading="false" live-region="0" context-clickable="false" content-invalid="false" window-id="8536">
                    <android.view.ViewGroup index="0" package="in.gov.diksha.app" class="android.view.ViewGroup" text="" checkable="false" checked="false" clickable="false" enabled="false" focusable="false" focused="false" long-clickable="false" password="false" scrollable="false" selected="false" bounds="[0,235][1079,2273]" displayed="true" a11y-important="false" screen-reader-focusable="false" drawing-order="1" showing-hint="false" text-entry-key="false" dismissable="false" a11y-focused="false" heading="false" live-region="0" context-clickable="false" content-invalid="false" window-id="8536">
                      <android.webkit.WebView index="0" package="in.gov.diksha.app" class="android.webkit.WebView" text="" checkable="false" checked="false" clickable="true" enabled="true" focusable="true" focused="false" long-clickable="true" password="false" scrollable="false" selected="false" bounds="[0,235][1079,2273]" displayed="true" a11y-important="true" screen-reader-focusable="false" drawing-order="1" showing-hint="false" text-entry-key="false" dismissable="false" a11y-focused="false" heading="false" live-region="0" context-clickable="false" content-invalid="false" window-id="8536" />
                    </android.view.ViewGroup>
                  </android.view.View>
                  <android.view.View index="2" package="in.gov.diksha.app" class="android.view.View" text="" resource-id="" checkable="false" checked="false" clickable="false" enabled="true" focusable="false" focused="false" long-clickable="false" password="false" scrollable="false" selected="false" bounds="[493,1270][587,1365]" displayed="true" a11y-important="false" screen-reader-focusable="false" drawing-order="0" showing-hint="false" text-entry-key="false" dismissable="false" a11y-focused="false" heading="false" live-region="0" context-clickable="false" content-invalid="false" window-id="8536" />
                </android.view.View>
              </android.view.View>
            </android.view.View>
          </android.view.View>
        </android.widget.FrameLayout>
      </android.widget.FrameLayout>
    </android.widget.LinearLayout>
  </android.widget.FrameLayout>
</hierarchy>
================ PAGE SOURCE END ================


==================================================
 BLOCK TO SCHOOL UPDATE OPENED
==================================================


=============== PAGE SOURCE START ===============
<?xml version='1.0' encoding='UTF-8' standalone='yes' ?>
<hierarchy index="0" class="hierarchy" rotation="0" width="1080" height="2186">
  <android.widget.FrameLayout index="0" package="in.gov.diksha.app" class="android.widget.FrameLayout" text="" checkable="false" checked="false" clickable="false" enabled="true" focusable="false" focused="false" long-clickable="false" password="false" scrollable="false" selected="false" bounds="[0,0][1080,2400]" displayed="true" a11y-important="true" screen-reader-focusable="false" drawing-order="0" showing-hint="false" text-entry-key="false" dismissable="false" a11y-focused="false" heading="false" live-region="0" context-clickable="false" content-invalid="false" window-id="8536">
    <android.widget.LinearLayout index="0" package="in.gov.diksha.app" class="android.widget.LinearLayout" text="" checkable="false" checked="false" clickable="false" enabled="true" focusable="false" focused="false" long-clickable="false" password="false" scrollable="false" selected="false" bounds="[0,0][1080,2400]" displayed="true" a11y-important="false" screen-reader-focusable="false" drawing-order="1" showing-hint="false" text-entry-key="false" dismissable="false" a11y-focused="false" heading="false" live-region="0" context-clickable="false" content-invalid="false" window-id="8536">
      <android.widget.FrameLayout index="0" package="in.gov.diksha.app" class="android.widget.FrameLayout" text="" resource-id="android:id/content" checkable="false" checked="false" clickable="false" enabled="true" focusable="false" focused="false" long-clickable="false" password="false" scrollable="false" selected="false" bounds="[0,0][1080,2400]" displayed="true" a11y-important="false" screen-reader-focusable="false" drawing-order="2" showing-hint="false" text-entry-key="false" dismissable="false" a11y-focused="false" heading="false" live-region="0" context-clickable="false" content-invalid="false" window-id="8536">
        <android.widget.FrameLayout index="0" package="in.gov.diksha.app" class="android.widget.FrameLayout" text="" checkable="false" checked="false" clickable="false" enabled="true" focusable="true" focused="false" long-clickable="false" password="false" scrollable="false" selected="false" bounds="[0,0][1080,2400]" displayed="true" a11y-important="false" screen-reader-focusable="false" drawing-order="1" showing-hint="false" text-entry-key="false" dismissable="false" a11y-focused="false" heading="false" live-region="0" context-clickable="false" content-invalid="false" pane-title="Programs" window-id="8536">
          <android.view.View index="0" package="in.gov.diksha.app" class="android.view.View" text="" resource-id="" checkable="false" checked="false" clickable="false" enabled="true" focusable="false" focused="false" long-clickable="false" password="false" scrollable="false" selected="false" bounds="[0,0][1080,2400]" displayed="true" a11y-important="false" screen-reader-focusable="false" drawing-order="0" showing-hint="false" text-entry-key="false" dismissable="false" a11y-focused="false" heading="false" live-region="0" context-clickable="false" content-invalid="false" window-id="8536">
            <android.view.View index="0" package="in.gov.diksha.app" class="android.view.View" text="" resource-id="" checkable="false" checked="false" clickable="false" enabled="true" focusable="false" focused="false" long-clickable="false" password="false" scrollable="false" selected="false" bounds="[0,0][1080,2400]" displayed="true" a11y-important="false" screen-reader-focusable="false" drawing-order="0" showing-hint="false" text-entry-key="false" dismissable="false" a11y-focused="false" heading="false" live-region="0" context-clickable="false" content-invalid="false" window-id="8536">
              <android.view.View index="0" package="in.gov.diksha.app" class="android.view.View" text="" resource-id="" checkable="false" checked="false" clickable="false" enabled="true" focusable="false" focused="false" long-clickable="false" password="false" scrollable="false" selected="false" bounds="[0,0][1080,2400]" displayed="true" a11y-important="false" screen-reader-focusable="false" drawing-order="0" showing-hint="false" text-entry-key="false" dismissable="false" a11y-focused="false" heading="false" live-region="0" context-clickable="false" content-invalid="false" window-id="8536">
                <android.view.View index="0" package="in.gov.diksha.app" class="android.view.View" text="" resource-id="" checkable="false" checked="false" clickable="false" enabled="true" focusable="false" focused="false" long-clickable="false" password="false" scrollable="false" selected="false" bounds="[0,0][1080,2400]" displayed="true" a11y-important="false" screen-reader-focusable="false" drawing-order="0" showing-hint="false" text-entry-key="false" dismissable="false" a11y-focused="false" heading="false" live-region="0" context-clickable="false" content-invalid="false" window-id="8536">
                  <android.view.View index="0" package="in.gov.diksha.app" class="android.view.View" text="" resource-id="" checkable="false" checked="false" clickable="false" enabled="true" focusable="false" focused="false" long-clickable="false" password="false" scrollable="false" selected="false" bounds="[0,0][1080,235]" displayed="true" a11y-important="false" screen-reader-focusable="false" drawing-order="0" showing-hint="false" text-entry-key="false" dismissable="false" a11y-focused="false" heading="false" live-region="0" context-clickable="false" content-invalid="false" window-id="8536">
                    <android.widget.Button index="0" package="in.gov.diksha.app" class="android.widget.Button" text="" content-desc="Back" resource-id="" checkable="false" checked="false" clickable="true" enabled="true" focusable="true" focused="false" long-clickable="false" password="false" scrollable="false" selected="false" bounds="[11,99][137,225]" displayed="true" a11y-important="true" screen-reader-focusable="false" drawing-order="0" showing-hint="false" text-entry-key="false" dismissable="false" a11y-focused="false" heading="false" live-region="0" context-clickable="false" content-invalid="false" tooltip-text="Back" window-id="8536" />
                    <android.view.View index="1" package="in.gov.diksha.app" class="android.view.View" text="" content-desc="Programs" resource-id="" checkable="false" checked="false" clickable="false" enabled="true" focusable="true" focused="false" long-clickable="false" password="false" scrollable="false" selected="false" bounds="[189,133][420,190]" displayed="true" a11y-important="true" screen-reader-focusable="false" drawing-order="0" showing-hint="false" text-entry-key="false" dismissable="false" a11y-focused="false" heading="false" live-region="0" context-clickable="false" content-invalid="false" window-id="8536" />
                  </android.view.View>
                  <android.view.View index="1" package="in.gov.diksha.app" class="android.view.View" text="" resource-id="" checkable="false" checked="false" clickable="false" enabled="true" focusable="true" focused="false" long-clickable="false" password="false" scrollable="false" selected="false" bounds="[0,235][1080,2274]" displayed="true" a11y-important="true" screen-reader-focusable="false" drawing-order="0" showing-hint="false" text-entry-key="false" dismissable="false" a11y-focused="false" heading="false" live-region="0" context-clickable="false" content-invalid="false" window-id="8536">
                    <android.view.ViewGroup index="0" package="in.gov.diksha.app" class="android.view.ViewGroup" text="" checkable="false" checked="false" clickable="false" enabled="false" focusable="false" focused="false" long-clickable="false" password="false" scrollable="false" selected="false" bounds="[0,235][1079,2273]" displayed="true" a11y-important="false" screen-reader-focusable="false" drawing-order="1" showing-hint="false" text-entry-key="false" dismissable="false" a11y-focused="false" heading="false" live-region="0" context-clickable="false" content-invalid="false" window-id="8536">
                      <android.webkit.WebView index="0" package="in.gov.diksha.app" class="android.webkit.WebView" text="" checkable="false" checked="false" clickable="false" enabled="true" focusable="false" focused="false" long-clickable="false" password="false" scrollable="false" selected="false" bounds="[0,235][1079,2273]" displayed="true" a11y-important="false" screen-reader-focusable="false" drawing-order="0" showing-hint="false" text-entry-key="false" dismissable="false" a11y-focused="false" heading="false" live-region="0" context-clickable="false" content-invalid="false" window-id="8536">
                        <android.webkit.WebView index="0" package="in.gov.diksha.app" class="android.webkit.WebView" text="Diksha" checkable="false" checked="false" clickable="false" enabled="true" focusable="true" focused="false" long-clickable="false" password="false" scrollable="false" selected="false" bounds="[0,235][1079,2274]" displayed="true" hint="" a11y-important="false" screen-reader-focusable="false" drawing-order="0" showing-hint="false" text-entry-key="false" dismissable="false" a11y-focused="false" heading="false" live-region="0" context-clickable="false" content-invalid="false" tooltip-text="" window-id="8536">
                          <android.view.View index="0" package="in.gov.diksha.app" class="android.view.View" text="" checkable="false" checked="false" clickable="false" enabled="true" focusable="false" focused="false" long-clickable="false" password="false" scrollable="false" selected="false" bounds="[0,235][1079,2274]" displayed="true" hint="" a11y-important="false" screen-reader-focusable="false" drawing-order="0" showing-hint="false" text-entry-key="false" dismissable="false" a11y-focused="false" heading="false" live-region="0" context-clickable="false" content-invalid="false" tooltip-text="" window-id="8536">
                            <android.view.View index="0" package="in.gov.diksha.app" class="android.view.View" text="" checkable="false" checked="false" clickable="false" enabled="true" focusable="false" focused="false" long-clickable="false" password="false" scrollable="false" selected="false" bounds="[0,235][1079,2274]" displayed="true" hint="" a11y-important="false" screen-reader-focusable="false" drawing-order="0" showing-hint="false" text-entry-key="false" dismissable="false" a11y-focused="false" heading="false" live-region="0" context-clickable="false" content-invalid="false" tooltip-text="" window-id="8536">
                              <android.app.AlertDialog index="0" package="in.gov.diksha.app" class="android.app.AlertDialog" text="Please wait while loading..." resource-id="ion-overlay-2" checkable="false" checked="false" clickable="false" enabled="true" focusable="true" focused="true" long-clickable="false" password="false" scrollable="false" selected="false" bounds="[0,235][1079,2274]" displayed="true" hint="" a11y-important="false" screen-reader-focusable="false" drawing-order="0" showing-hint="false" text-entry-key="false" dismissable="false" a11y-focused="false" heading="false" live-region="0" context-clickable="false" content-invalid="false" tooltip-text="" window-id="8536">
                                <android.widget.TextView index="0" package="in.gov.diksha.app" class="android.widget.TextView" text="" checkable="false" checked="false" clickable="false" enabled="true" focusable="true" focused="false" long-clickable="false" password="false" scrollable="false" selected="false" bounds="[186,1253][1079,2274]" displayed="true" hint="" a11y-important="false" screen-reader-focusable="false" drawing-order="0" showing-hint="false" text-entry-key="false" dismissable="false" a11y-focused="false" heading="false" live-region="0" context-clickable="false" content-invalid="false" tooltip-text="" window-id="8536" />
                                <android.widget.TextView index="1" package="in.gov.diksha.app" class="android.widget.TextView" text="" checkable="false" checked="false" clickable="false" enabled="true" focusable="false" focused="false" long-clickable="false" password="false" scrollable="false" selected="false" bounds="[249,1208][325,1298]" displayed="true" hint="" a11y-important="false" screen-reader-focusable="false" drawing-order="0" showing-hint="false" text-entry-key="false" dismissable="false" a11y-focused="false" heading="false" live-region="0" context-clickable="false" content-invalid="false" tooltip-text="" window-id="8536" />
                                <android.widget.TextView index="2" package="in.gov.diksha.app" class="android.widget.TextView" text="Please wait while loading..." resource-id="loading-2-msg" checkable="false" checked="false" clickable="false" enabled="true" focusable="false" focused="false" long-clickable="false" password="false" scrollable="false" selected="false" bounds="[357,1224][845,1285]" displayed="true" hint="" a11y-important="false" screen-reader-focusable="false" drawing-order="0" showing-hint="false" text-entry-key="false" dismissable="false" a11y-focused="false" heading="false" live-region="0" context-clickable="false" content-invalid="false" tooltip-text="" window-id="8536" />
                                <android.widget.TextView index="3" package="in.gov.diksha.app" class="android.widget.TextView" text="" checkable="false" checked="false" clickable="false" enabled="true" focusable="true" focused="false" long-clickable="false" password="false" scrollable="false" selected="false" bounds="[889,1253][1079,2274]" displayed="true" hint="" a11y-important="false" screen-reader-focusable="false" drawing-order="0" showing-hint="false" text-entry-key="false" dismissable="false" a11y-focused="false" heading="false" live-region="0" context-clickable="false" content-invalid="false" tooltip-text="" window-id="8536" />
                              </android.app.AlertDialog>
                            </android.view.View>
                          </android.view.View>
                        </android.webkit.WebView>
                      </android.webkit.WebView>
                    </android.view.ViewGroup>
                  </android.view.View>
                </android.view.View>
              </android.view.View>
            </android.view.View>
          </android.view.View>
        </android.widget.FrameLayout>
      </android.widget.FrameLayout>
    </android.widget.LinearLayout>
  </android.widget.FrameLayout>
</hierarchy>
================ PAGE SOURCE END ================


==================================================
 SAVING BLOCK DETAILS
==================================================


==================================================
 PROFILE UPDATE COMPLETED
==================================================

===== PROFILE UPDATED SUCCESSFULLY =====
]]></system-out>
  </testcase>
  <testcase name="ProjectConsumption" classname="tests.TestUserConsumption" time="368.882">
    <system-out><![CDATA[===== APP LAUNCHED =====

==================================================
 SELECTING LANGUAGE
==================================================

Current package = in.gov.diksha.app

==================================================
 OPENING LOGIN PAGE
==================================================


==================================================
 LOGIN PAGE OPENED
==================================================


=============== PAGE SOURCE START ===============
<?xml version='1.0' encoding='UTF-8' standalone='yes' ?>
<hierarchy index="0" class="hierarchy" rotation="0" width="1080" height="2186">
  <android.widget.FrameLayout index="0" package="in.gov.diksha.app" class="android.widget.FrameLayout" text="" checkable="false" checked="false" clickable="false" enabled="true" focusable="false" focused="false" long-clickable="false" password="false" scrollable="false" selected="false" bounds="[0,0][1080,2400]" displayed="true" a11y-important="true" screen-reader-focusable="false" drawing-order="0" showing-hint="false" text-entry-key="false" dismissable="false" a11y-focused="false" heading="false" live-region="0" context-clickable="false" content-invalid="false" window-id="8549">
    <android.widget.LinearLayout index="0" package="in.gov.diksha.app" class="android.widget.LinearLayout" text="" checkable="false" checked="false" clickable="false" enabled="true" focusable="false" focused="false" long-clickable="false" password="false" scrollable="false" selected="false" bounds="[0,0][1080,2400]" displayed="true" a11y-important="false" screen-reader-focusable="false" drawing-order="1" showing-hint="false" text-entry-key="false" dismissable="false" a11y-focused="false" heading="false" live-region="0" context-clickable="false" content-invalid="false" window-id="8549">
      <android.widget.FrameLayout index="0" package="in.gov.diksha.app" class="android.widget.FrameLayout" text="" resource-id="android:id/content" checkable="false" checked="false" clickable="false" enabled="true" focusable="false" focused="false" long-clickable="false" password="false" scrollable="false" selected="false" bounds="[0,0][1080,2400]" displayed="true" a11y-important="false" screen-reader-focusable="false" drawing-order="2" showing-hint="false" text-entry-key="false" dismissable="false" a11y-focused="false" heading="false" live-region="0" context-clickable="false" content-invalid="false" window-id="8549">
        <android.widget.FrameLayout index="0" package="in.gov.diksha.app" class="android.widget.FrameLayout" text="" checkable="false" checked="false" clickable="false" enabled="true" focusable="true" focused="false" long-clickable="false" password="false" scrollable="false" selected="false" bounds="[0,0][1080,2400]" displayed="true" a11y-important="false" screen-reader-focusable="false" drawing-order="1" showing-hint="false" text-entry-key="false" dismissable="false" a11y-focused="false" heading="false" live-region="0" context-clickable="false" content-invalid="false" pane-title=" " window-id="8549">
          <android.view.View index="0" package="in.gov.diksha.app" class="android.view.View" text="" resource-id="" checkable="false" checked="false" clickable="false" enabled="true" focusable="false" focused="false" long-clickable="false" password="false" scrollable="false" selected="false" bounds="[0,0][1080,2400]" displayed="true" a11y-important="false" screen-reader-focusable="false" drawing-order="0" showing-hint="false" text-entry-key="false" dismissable="false" a11y-focused="false" heading="false" live-region="0" context-clickable="false" content-invalid="false" window-id="8549">
            <android.view.View index="0" package="in.gov.diksha.app" class="android.view.View" text="" resource-id="" checkable="false" checked="false" clickable="false" enabled="true" focusable="false" focused="false" long-clickable="false" password="false" scrollable="false" selected="false" bounds="[0,0][1080,2400]" displayed="true" a11y-important="false" screen-reader-focusable="false" drawing-order="0" showing-hint="false" text-entry-key="false" dismissable="false" a11y-focused="false" heading="false" live-region="0" context-clickable="false" content-invalid="false" window-id="8549">
              <android.view.View index="0" package="in.gov.diksha.app" class="android.view.View" text="" resource-id="" checkable="false" checked="false" clickable="false" enabled="true" focusable="false" focused="false" long-clickable="false" password="false" scrollable="false" selected="false" bounds="[0,0][1080,2400]" displayed="true" a11y-important="false" screen-reader-focusable="false" drawing-order="0" showing-hint="false" text-entry-key="false" dismissable="false" a11y-focused="false" heading="false" live-region="0" context-clickable="false" content-invalid="false" window-id="8549">
                <android.view.View index="0" package="in.gov.diksha.app" class="android.view.View" text="" resource-id="" checkable="false" checked="false" clickable="false" enabled="true" focusable="false" focused="false" long-clickable="false" password="false" scrollable="false" selected="false" bounds="[0,0][1080,2400]" displayed="true" a11y-important="false" screen-reader-focusable="false" drawing-order="0" showing-hint="false" text-entry-key="false" dismissable="false" a11y-focused="false" heading="false" live-region="0" context-clickable="false" content-invalid="false" window-id="8549">
                  <android.view.View index="0" package="in.gov.diksha.app" class="android.view.View" text="" resource-id="" checkable="false" checked="false" clickable="true" enabled="true" focusable="true" focused="false" long-clickable="false" password="false" scrollable="false" selected="false" bounds="[42,168][105,231]" displayed="true" a11y-important="true" screen-reader-focusable="false" drawing-order="0" showing-hint="false" text-entry-key="false" dismissable="false" a11y-focused="false" heading="false" live-region="0" context-clickable="false" content-invalid="false" window-id="8549" />
                  <android.widget.ImageView index="1" package="in.gov.diksha.app" class="android.widget.ImageView" text="" resource-id="" checkable="false" checked="false" clickable="false" enabled="true" focusable="false" focused="false" long-clickable="false" password="false" scrollable="false" selected="false" bounds="[42,231][1014,1203]" displayed="true" a11y-important="false" screen-reader-focusable="false" drawing-order="0" showing-hint="false" text-entry-key="false" dismissable="false" a11y-focused="false" heading="false" live-region="0" context-clickable="false" content-invalid="false" window-id="8549" />
                  <android.view.View index="2" package="in.gov.diksha.app" class="android.view.View" text="" content-desc="Are you a new user or existing user?" resource-id="" checkable="false" checked="false" clickable="false" enabled="true" focusable="true" focused="false" long-clickable="false" password="false" scrollable="false" selected="false" bounds="[84,1308][996,1455]" displayed="true" a11y-important="true" screen-reader-focusable="false" drawing-order="0" showing-hint="false" text-entry-key="false" dismissable="false" a11y-focused="false" heading="false" live-region="0" context-clickable="false" content-invalid="false" window-id="8549" />
                  <android.view.View index="3" package="in.gov.diksha.app" class="android.view.View" text="" content-desc="New User" resource-id="" checkable="false" checked="false" clickable="true" enabled="true" focusable="true" focused="false" long-clickable="false" password="false" scrollable="false" selected="false" bounds="[42,1508][1038,1618]" displayed="true" a11y-important="true" screen-reader-focusable="false" drawing-order="0" showing-hint="false" text-entry-key="false" dismissable="false" a11y-focused="false" heading="false" live-region="0" context-clickable="false" content-invalid="false" window-id="8549" />
                  <android.view.View index="4" package="in.gov.diksha.app" class="android.view.View" text="" content-desc="Existing User" resource-id="" checkable="false" checked="false" clickable="true" enabled="true" focusable="true" focused="false" long-clickable="false" password="false" scrollable="false" selected="false" bounds="[42,1670][1038,1781]" displayed="true" a11y-important="true" screen-reader-focusable="false" drawing-order="0" showing-hint="false" text-entry-key="false" dismissable="false" a11y-focused="false" heading="false" live-region="0" context-clickable="false" content-invalid="false" window-id="8549" />
                </android.view.View>
              </android.view.View>
            </android.view.View>
          </android.view.View>
        </android.widget.FrameLayout>
      </android.widget.FrameLayout>
    </android.widget.LinearLayout>
  </android.widget.FrameLayout>
</hierarchy>
================ PAGE SOURCE END ================


==================================================
 ENTERING EMAIL
==================================================


==================================================
 ENTERING PASSWORD
==================================================


==================================================
 CLICKING LOGIN
==================================================


==================================================
 LOGIN COMPLETED
==================================================

===== LOGIN SUCCESSFUL =====

==================================================
 OPENING PROGRAM
==================================================


=============== PAGE SOURCE START ===============
<?xml version='1.0' encoding='UTF-8' standalone='yes' ?>
<hierarchy index="0" class="hierarchy" rotation="0" width="1080" height="2186">
  <android.widget.FrameLayout index="0" package="in.gov.diksha.app" class="android.widget.FrameLayout" text="" checkable="false" checked="false" clickable="false" enabled="true" focusable="false" focused="false" long-clickable="false" password="false" scrollable="false" selected="false" bounds="[0,0][1080,2400]" displayed="true" a11y-important="true" screen-reader-focusable="false" drawing-order="0" showing-hint="false" text-entry-key="false" dismissable="false" a11y-focused="false" heading="false" live-region="0" context-clickable="false" content-invalid="false" window-id="8549">
    <android.widget.LinearLayout index="0" package="in.gov.diksha.app" class="android.widget.LinearLayout" text="" checkable="false" checked="false" clickable="false" enabled="true" focusable="false" focused="false" long-clickable="false" password="false" scrollable="false" selected="false" bounds="[0,0][1080,2400]" displayed="true" a11y-important="false" screen-reader-focusable="false" drawing-order="1" showing-hint="false" text-entry-key="false" dismissable="false" a11y-focused="false" heading="false" live-region="0" context-clickable="false" content-invalid="false" window-id="8549">
      <android.widget.FrameLayout index="0" package="in.gov.diksha.app" class="android.widget.FrameLayout" text="" resource-id="android:id/content" checkable="false" checked="false" clickable="false" enabled="true" focusable="false" focused="false" long-clickable="false" password="false" scrollable="false" selected="false" bounds="[0,0][1080,2400]" displayed="true" a11y-important="false" screen-reader-focusable="false" drawing-order="2" showing-hint="false" text-entry-key="false" dismissable="false" a11y-focused="false" heading="false" live-region="0" context-clickable="false" content-invalid="false" window-id="8549">
        <android.widget.FrameLayout index="0" package="in.gov.diksha.app" class="android.widget.FrameLayout" text="" checkable="false" checked="false" clickable="false" enabled="true" focusable="true" focused="false" long-clickable="false" password="false" scrollable="false" selected="false" bounds="[0,0][1080,2400]" displayed="true" a11y-important="false" screen-reader-focusable="false" drawing-order="1" showing-hint="false" text-entry-key="false" dismissable="false" a11y-focused="false" heading="false" live-region="0" context-clickable="false" content-invalid="false" pane-title=" " window-id="8549">
          <android.view.View index="0" package="in.gov.diksha.app" class="android.view.View" text="" resource-id="" checkable="false" checked="false" clickable="false" enabled="true" focusable="false" focused="false" long-clickable="false" password="false" scrollable="false" selected="false" bounds="[0,0][1080,2400]" displayed="true" a11y-important="false" screen-reader-focusable="false" drawing-order="0" showing-hint="false" text-entry-key="false" dismissable="false" a11y-focused="false" heading="false" live-region="0" context-clickable="false" content-invalid="false" window-id="8549">
            <android.view.View index="0" package="in.gov.diksha.app" class="android.view.View" text="" resource-id="" checkable="false" checked="false" clickable="false" enabled="true" focusable="false" focused="false" long-clickable="false" password="false" scrollable="false" selected="false" bounds="[0,0][1080,2400]" displayed="true" a11y-important="false" screen-reader-focusable="false" drawing-order="0" showing-hint="false" text-entry-key="false" dismissable="false" a11y-focused="false" heading="false" live-region="0" context-clickable="false" content-invalid="false" window-id="8549">
              <android.view.View index="0" package="in.gov.diksha.app" class="android.view.View" text="" resource-id="" checkable="false" checked="false" clickable="false" enabled="true" focusable="false" focused="false" long-clickable="false" password="false" scrollable="false" selected="false" bounds="[0,0][1080,2400]" displayed="true" a11y-important="false" screen-reader-focusable="false" drawing-order="0" showing-hint="false" text-entry-key="false" dismissable="false" a11y-focused="false" heading="false" live-region="0" context-clickable="false" content-invalid="false" window-id="8549">
                <android.view.View index="0" package="in.gov.diksha.app" class="android.view.View" text="" resource-id="" checkable="false" checked="false" clickable="false" enabled="true" focusable="false" focused="false" long-clickable="false" password="false" scrollable="false" selected="false" bounds="[0,0][1080,2400]" displayed="true" a11y-important="false" screen-reader-focusable="false" drawing-order="0" showing-hint="false" text-entry-key="false" dismissable="false" a11y-focused="false" heading="false" live-region="0" context-clickable="false" content-invalid="false" window-id="8549">
                  <android.view.View index="0" package="in.gov.diksha.app" class="android.view.View" text="" resource-id="" checkable="false" checked="false" clickable="false" enabled="true" focusable="false" focused="false" long-clickable="false" password="false" scrollable="false" selected="false" bounds="[0,0][1080,235]" displayed="true" a11y-important="false" screen-reader-focusable="false" drawing-order="0" showing-hint="false" text-entry-key="false" dismissable="false" a11y-focused="false" heading="false" live-region="0" context-clickable="false" content-invalid="false" window-id="8549">
                    <android.widget.Button index="0" package="in.gov.diksha.app" class="android.widget.Button" text="" content-desc="Open navigation menu" resource-id="" checkable="false" checked="false" clickable="true" enabled="true" focusable="true" focused="false" long-clickable="false" password="false" scrollable="false" selected="false" bounds="[11,99][137,225]" displayed="true" a11y-important="true" screen-reader-focusable="false" drawing-order="0" showing-hint="false" text-entry-key="false" dismissable="false" a11y-focused="false" heading="false" live-region="0" context-clickable="false" content-invalid="false" tooltip-text="Open navigation menu" window-id="8549" />
                    <android.widget.Button index="1" package="in.gov.diksha.app" class="android.widget.Button" text="" resource-id="" checkable="false" checked="false" clickable="true" enabled="true" focusable="true" focused="false" long-clickable="false" password="false" scrollable="false" selected="false" bounds="[712,99][838,225]" displayed="true" a11y-important="true" screen-reader-focusable="false" drawing-order="0" showing-hint="false" text-entry-key="false" dismissable="false" a11y-focused="false" heading="false" live-region="0" context-clickable="false" content-invalid="false" window-id="8549" />
                    <android.widget.Button index="2" package="in.gov.diksha.app" class="android.widget.Button" text="" resource-id="" checkable="false" checked="false" clickable="true" enabled="true" focusable="true" focused="false" long-clickable="false" password="false" scrollable="false" selected="false" bounds="[838,99][964,225]" displayed="true" a11y-important="true" screen-reader-focusable="false" drawing-order="0" showing-hint="false" text-entry-key="false" dismissable="false" a11y-focused="false" heading="false" live-region="0" context-clickable="false" content-invalid="false" window-id="8549" />
                    <android.view.View index="3" package="in.gov.diksha.app" class="android.view.View" text="" content-desc="T" resource-id="" checkable="false" checked="false" clickable="true" enabled="true" focusable="true" focused="false" long-clickable="false" password="false" scrollable="false" selected="false" bounds="[991,130][1054,193]" displayed="true" a11y-important="true" screen-reader-focusable="false" drawing-order="0" showing-hint="false" text-entry-key="false" dismissable="false" a11y-focused="false" heading="false" live-region="0" context-clickable="false" content-invalid="false" window-id="8549" />
                  </android.view.View>
                  <android.view.View index="1" package="in.gov.diksha.app" class="android.view.View" text="" content-desc="Welcome Tester&#10;Tripura&#10;Learn, Manage and Act" resource-id="" checkable="false" checked="false" clickable="true" enabled="true" focusable="true" focused="false" long-clickable="false" password="false" scrollable="false" selected="false" bounds="[0,235][1080,2090]" displayed="true" a11y-important="true" screen-reader-focusable="false" drawing-order="0" showing-hint="false" text-entry-key="false" dismissable="false" a11y-focused="false" heading="false" live-region="0" context-clickable="false" content-invalid="false" window-id="8549">
                    <android.view.View index="0" package="in.gov.diksha.app" class="android.view.View" text="" resource-id="" checkable="false" checked="false" clickable="true" enabled="true" focusable="true" focused="false" long-clickable="false" password="false" scrollable="false" selected="false" bounds="[215,364][268,416]" displayed="true" a11y-important="true" screen-reader-focusable="false" drawing-order="0" showing-hint="false" text-entry-key="false" dismissable="false" a11y-focused="false" heading="false" live-region="0" context-clickable="false" content-invalid="false" window-id="8549" />
                    <android.view.ViewGroup index="1" package="in.gov.diksha.app" class="android.view.ViewGroup" text="" checkable="false" checked="false" clickable="false" enabled="false" focusable="false" focused="false" long-clickable="false" password="false" scrollable="false" selected="false" bounds="[42,544][1037,2089]" displayed="true" a11y-important="false" screen-reader-focusable="false" drawing-order="1" showing-hint="false" text-entry-key="false" dismissable="false" a11y-focused="false" heading="false" live-region="0" context-clickable="false" content-invalid="false" window-id="8549">
                      <android.webkit.WebView index="0" package="in.gov.diksha.app" class="android.webkit.WebView" text="" checkable="false" checked="false" clickable="true" enabled="true" focusable="true" focused="false" long-clickable="true" password="false" scrollable="false" selected="false" bounds="[42,544][1037,2089]" displayed="true" a11y-important="true" screen-reader-focusable="false" drawing-order="1" showing-hint="false" text-entry-key="false" dismissable="false" a11y-focused="false" heading="false" live-region="0" context-clickable="false" content-invalid="false" window-id="8549" />
                    </android.view.ViewGroup>
                  </android.view.View>
                  <android.widget.Button index="2" package="in.gov.diksha.app" class="android.widget.Button" text="" resource-id="" checkable="false" checked="false" clickable="true" enabled="true" focusable="true" focused="false" long-clickable="false" password="false" scrollable="false" selected="false" bounds="[466,2017][614,2164]" displayed="true" a11y-important="true" screen-reader-focusable="false" drawing-order="0" showing-hint="false" text-entry-key="false" dismissable="false" a11y-focused="false" heading="false" live-region="0" context-clickable="false" content-invalid="false" window-id="8549" />
                  <android.widget.ImageView index="3" package="in.gov.diksha.app" class="android.widget.ImageView" text="" resource-id="" checkable="false" checked="false" clickable="true" enabled="true" focusable="true" focused="false" long-clickable="false" password="false" scrollable="false" selected="false" bounds="[0,2090][360,2274]" displayed="true" a11y-important="true" screen-reader-focusable="false" drawing-order="0" showing-hint="false" text-entry-key="false" dismissable="false" a11y-focused="false" heading="false" live-region="0" context-clickable="false" content-invalid="false" window-id="8549" />
                  <android.view.View index="4" package="in.gov.diksha.app" class="android.view.View" text="" resource-id="" checkable="false" checked="false" clickable="true" enabled="true" focusable="true" focused="false" long-clickable="false" password="false" scrollable="false" selected="false" bounds="[857,1893][1054,2090]" displayed="true" a11y-important="true" screen-reader-focusable="false" drawing-order="0" showing-hint="false" text-entry-key="false" dismissable="false" a11y-focused="false" heading="false" live-region="0" context-clickable="false" content-invalid="false" window-id="8549">
[...]
                              <android.view.View index="0" package="in.gov.diksha.app" class="android.view.View" text="" checkable="false" checked="false" clickable="false" enabled="true" focusable="false" focused="false" long-clickable="false" password="false" scrollable="false" selected="false" bounds="[0,235][1079,2274]" displayed="true" hint="" a11y-important="false" screen-reader-focusable="false" drawing-order="0" showing-hint="false" text-entry-key="false" dismissable="false" a11y-focused="false" heading="false" live-region="0" context-clickable="false" content-invalid="false" tooltip-text="" window-id="8549">
                                <android.view.View index="0" package="in.gov.diksha.app" class="android.view.View" text="" checkable="false" checked="false" clickable="false" enabled="true" focusable="false" focused="false" long-clickable="false" password="false" scrollable="false" selected="false" bounds="[0,235][1079,2274]" displayed="true" hint="" a11y-important="false" screen-reader-focusable="false" drawing-order="0" showing-hint="false" text-entry-key="false" dismissable="false" a11y-focused="false" heading="false" live-region="0" context-clickable="false" content-invalid="false" tooltip-text="" window-id="8549">
                                  <android.view.View index="0" package="in.gov.diksha.app" class="android.view.View" text="" checkable="false" checked="false" clickable="false" enabled="true" focusable="false" focused="false" long-clickable="false" password="false" scrollable="false" selected="false" bounds="[0,235][1079,2274]" displayed="true" hint="" a11y-important="false" screen-reader-focusable="false" drawing-order="0" showing-hint="false" text-entry-key="false" dismissable="false" a11y-focused="false" heading="false" live-region="0" context-clickable="false" content-invalid="false" tooltip-text="" window-id="8549">
                                    <android.widget.TextView index="0" package="in.gov.diksha.app" class="android.widget.TextView" text="" resource-id="background-content" checkable="false" checked="false" clickable="false" enabled="true" focusable="false" focused="false" long-clickable="false" password="false" scrollable="false" selected="false" bounds="[0,235][1079,2274]" displayed="true" hint="" a11y-important="false" screen-reader-focusable="false" drawing-order="0" showing-hint="false" text-entry-key="false" dismissable="false" a11y-focused="false" heading="false" live-region="0" context-clickable="false" content-invalid="false" tooltip-text="" window-id="8549" />
                                    <android.view.View index="1" package="in.gov.diksha.app" class="android.view.View" text="" checkable="false" checked="false" clickable="false" enabled="true" focusable="false" focused="false" long-clickable="false" password="false" scrollable="false" selected="false" bounds="[0,235][1079,2274]" displayed="true" hint="" a11y-important="false" screen-reader-focusable="false" drawing-order="0" showing-hint="false" text-entry-key="false" dismissable="false" a11y-focused="false" heading="false" live-region="0" context-clickable="false" content-invalid="false" tooltip-text="" window-id="8549">
                                      <android.widget.ListView index="0" package="in.gov.diksha.app" class="android.widget.ListView" text="" checkable="false" checked="false" clickable="false" enabled="true" focusable="false" focused="false" long-clickable="false" password="false" scrollable="false" selected="false" bounds="[0,235][1079,683]" displayed="true" hint="" a11y-important="false" screen-reader-focusable="false" drawing-order="0" showing-hint="false" text-entry-key="false" dismissable="false" a11y-focused="false" heading="false" live-region="0" context-clickable="false" content-invalid="false" tooltip-text="" window-id="8549">
                                        <android.view.View index="0" package="in.gov.diksha.app" class="android.view.View" text="" checkable="false" checked="false" clickable="false" enabled="true" focusable="false" focused="false" long-clickable="false" password="false" scrollable="false" selected="false" bounds="[42,298][1039,620]" displayed="true" hint="" a11y-important="false" screen-reader-focusable="false" drawing-order="0" showing-hint="false" text-entry-key="false" dismissable="false" a11y-focused="false" heading="false" live-region="0" context-clickable="false" content-invalid="false" tooltip-text="" window-id="8549">
                                          <android.widget.TextView index="0" package="in.gov.diksha.app" class="android.widget.TextView" text="Test Support subrole update" checkable="false" checked="false" clickable="false" enabled="true" focusable="false" focused="false" long-clickable="false" password="false" scrollable="false" selected="false" bounds="[52,308][1026,392]" displayed="true" hint="" a11y-important="false" screen-reader-focusable="false" drawing-order="0" showing-hint="false" text-entry-key="false" dismissable="false" a11y-focused="false" heading="true" live-region="0" context-clickable="false" content-invalid="false" tooltip-text="" window-id="8549" />
                                          <android.widget.TextView index="1" package="in.gov.diksha.app" class="android.widget.TextView" text="View and participate in educational programs active in your location and designed for your role." checkable="false" checked="false" clickable="false" enabled="true" focusable="false" focused="false" long-clickable="false" password="false" scrollable="false" selected="false" bounds="[52,387][1026,607]" displayed="true" hint="" a11y-important="false" screen-reader-focusable="false" drawing-order="0" showing-hint="false" text-entry-key="false" dismissable="false" a11y-focused="false" heading="false" live-region="0" context-clickable="false" content-invalid="false" tooltip-text="" window-id="8549" />
                                        </android.view.View>
                                      </android.widget.ListView>
                                      <android.widget.ListView index="1" package="in.gov.diksha.app" class="android.widget.ListView" text="" checkable="false" checked="false" clickable="false" enabled="true" focusable="false" focused="false" long-clickable="false" password="false" scrollable="false" selected="false" bounds="[0,678][1079,1665]" displayed="true" hint="" a11y-important="false" screen-reader-focusable="false" drawing-order="0" showing-hint="false" text-entry-key="false" dismissable="false" a11y-focused="false" heading="false" live-region="0" context-clickable="false" content-invalid="false" tooltip-text="" window-id="8549">
                                        <android.view.View index="0" package="in.gov.diksha.app" class="android.view.View" text="" checkable="false" checked="false" clickable="false" enabled="true" focusable="false" focused="false" long-clickable="false" password="false" scrollable="false" selected="false" bounds="[65,720][1013,891]" displayed="true" hint="" a11y-important="false" screen-reader-focusable="false" drawing-order="0" showing-hint="false" text-entry-key="false" dismissable="false" a11y-focused="false" heading="false" live-region="0" context-clickable="false" content-invalid="false" tooltip-text="" window-id="8549">
                                          <android.view.View index="0" package="in.gov.diksha.app" class="android.view.View" text="" checkable="false" checked="false" clickable="false" enabled="true" focusable="false" focused="false" long-clickable="false" password="false" scrollable="false" selected="false" bounds="[65,720][1013,891]" displayed="true" hint="" a11y-important="false" screen-reader-focusable="false" drawing-order="0" showing-hint="false" text-entry-key="false" dismissable="false" a11y-focused="false" heading="false" live-region="0" context-clickable="false" content-invalid="false" tooltip-text="" window-id="8549">
                                            <android.widget.TextView index="0" package="in.gov.diksha.app" class="android.widget.TextView" text="Projects" checkable="false" checked="false" clickable="false" enabled="true" focusable="false" focused="false" long-clickable="false" password="false" scrollable="false" selected="false" bounds="[160,765][821,846]" displayed="true" hint="" a11y-important="false" screen-reader-focusable="false" drawing-order="0" showing-hint="false" text-entry-key="false" dismissable="false" a11y-focused="false" heading="false" live-region="0" context-clickable="false" content-invalid="false" tooltip-text="" window-id="8549" />
                                            <android.widget.Image index="1" package="in.gov.diksha.app" class="android.widget.Image" text="" checkable="false" checked="false" clickable="false" enabled="true" focusable="false" focused="false" long-clickable="false" password="false" scrollable="false" selected="false" bounds="[871,754][971,854]" displayed="true" hint="" a11y-important="false" screen-reader-focusable="false" drawing-order="0" showing-hint="false" text-entry-key="false" dismissable="false" a11y-focused="false" heading="false" live-region="0" context-clickable="false" content-invalid="false" tooltip-text="" window-id="8549" />
                                          </android.view.View>
                                        </android.view.View>
                                        <android.view.View index="1" package="in.gov.diksha.app" class="android.view.View" text="" checkable="false" checked="false" clickable="false" enabled="true" focusable="false" focused="false" long-clickable="false" password="false" scrollable="false" selected="false" bounds="[65,928][1013,1096]" displayed="true" hint="" a11y-important="false" screen-reader-focusable="false" drawing-order="0" showing-hint="false" text-entry-key="false" dismissable="false" a11y-focused="false" heading="false" live-region="0" context-clickable="false" content-invalid="false" tooltip-text="" window-id="8549">
                                          <android.view.View index="0" package="in.gov.diksha.app" class="android.view.View" text="" checkable="false" checked="false" clickable="false" enabled="true" focusable="false" focused="false" long-clickable="false" password="false" scrollable="false" selected="false" bounds="[65,928][1013,1096]" displayed="true" hint="" a11y-important="false" screen-reader-focusable="false" drawing-order="0" showing-hint="false" text-entry-key="false" dismissable="false" a11y-focused="false" heading="false" live-region="0" context-clickable="false" content-invalid="false" tooltip-text="" window-id="8549">
                                            <android.widget.TextView index="0" package="in.gov.diksha.app" class="android.widget.TextView" text="Observations" checkable="false" checked="false" clickable="false" enabled="true" focusable="false" focused="false" long-clickable="false" password="false" scrollable="false" selected="false" bounds="[160,972][821,1054]" displayed="true" hint="" a11y-important="false" screen-reader-focusable="false" drawing-order="0" showing-hint="false" text-entry-key="false" dismissable="false" a11y-focused="false" heading="false" live-region="0" context-clickable="false" content-invalid="false" tooltip-text="" window-id="8549" />
                                            <android.widget.Image index="1" package="in.gov.diksha.app" class="android.widget.Image" text="" checkable="false" checked="false" clickable="false" enabled="true" focusable="false" focused="false" long-clickable="false" password="false" scrollable="false" selected="false" bounds="[871,962][971,1061]" displayed="true" hint="" a11y-important="false" screen-reader-focusable="false" drawing-order="0" showing-hint="false" text-entry-key="false" dismissable="false" a11y-focused="false" heading="false" live-region="0" context-clickable="false" content-invalid="false" tooltip-text="" window-id="8549" />
                                          </android.view.View>
                                        </android.view.View>
                                        <android.view.View index="2" package="in.gov.diksha.app" class="android.view.View" text="" checkable="false" checked="false" clickable="false" enabled="true" focusable="false" focused="false" long-clickable="false" password="false" scrollable="false" selected="false" bounds="[65,1135][1013,1581]" displayed="true" hint="" a11y-important="false" screen-reader-focusable="false" drawing-order="0" showing-hint="false" text-entry-key="false" dismissable="false" a11y-focused="false" heading="false" live-region="0" context-clickable="false" content-invalid="false" tooltip-text="" window-id="8549">
                                          <android.view.View index="0" package="in.gov.diksha.app" class="android.view.View" text="" checkable="false" checked="false" clickable="false" enabled="true" focusable="false" focused="false" long-clickable="false" password="false" scrollable="false" selected="false" bounds="[65,1135][1013,1303]" displayed="true" hint="" a11y-important="false" screen-reader-focusable="false" drawing-order="0" showing-hint="false" text-entry-key="false" dismissable="false" a11y-focused="false" heading="false" live-region="0" context-clickable="false" content-invalid="false" tooltip-text="" window-id="8549">
                                            <android.widget.TextView index="0" package="in.gov.diksha.app" class="android.widget.TextView" text="Surveys" checkable="false" checked="false" clickable="false" enabled="true" focusable="false" focused="false" long-clickable="false" password="false" scrollable="false" selected="false" bounds="[160,1180][821,1261]" displayed="true" hint="" a11y-important="false" screen-reader-focusable="false" drawing-order="0" showing-hint="false" text-entry-key="false" dismissable="false" a11y-focused="false" heading="false" live-region="0" context-clickable="false" content-invalid="false" tooltip-text="" window-id="8549" />
                                            <android.widget.Image index="1" package="in.gov.diksha.app" class="android.widget.Image" text="" checkable="false" checked="false" clickable="false" enabled="true" focusable="false" focused="false" long-clickable="false" password="false" scrollable="false" selected="false" bounds="[871,1169][971,1269]" displayed="true" hint="" a11y-important="false" screen-reader-focusable="false" drawing-order="0" showing-hint="false" text-entry-key="false" dismissable="false" a11y-focused="false" heading="false" live-region="0" context-clickable="false" content-invalid="false" tooltip-text="" window-id="8549" />
                                          </android.view.View>
                                          <android.view.View index="1" package="in.gov.diksha.app" class="android.view.View" text="" checkable="false" checked="false" clickable="false" enabled="true" focusable="false" focused="false" long-clickable="false" password="false" scrollable="false" selected="false" bounds="[78,1334][1000,1568]" displayed="true" hint="" a11y-important="false" screen-reader-focusable="false" drawing-order="0" showing-hint="false" text-entry-key="false" dismissable="false" a11y-focused="false" heading="false" live-region="0" context-clickable="false" content-invalid="false" tooltip-text="" window-id="8549">
                                            <android.view.View index="0" package="in.gov.diksha.app" class="android.view.View" text="" checkable="false" checked="false" clickable="false" enabled="true" focusable="false" focused="false" long-clickable="false" password="false" scrollable="false" selected="false" bounds="[118,1348][960,1534]" displayed="true" hint="" a11y-important="false" screen-reader-focusable="false" drawing-order="0" showing-hint="false" text-entry-key="false" dismissable="false" a11y-focused="false" heading="false" live-region="0" context-clickable="false" content-invalid="false" tooltip-text="" window-id="8549">
                                              <android.view.View index="0" package="in.gov.diksha.app" class="android.view.View" text="" checkable="false" checked="false" clickable="false" enabled="true" focusable="false" focused="false" long-clickable="false" password="false" scrollable="false" selected="false" bounds="[147,1374][934,1508]" displayed="true" hint="" a11y-important="false" screen-reader-focusable="false" drawing-order="0" showing-hint="false" text-entry-key="false" dismissable="false" a11y-focused="false" heading="false" live-region="0" context-clickable="false" content-invalid="false" tooltip-text="" window-id="8549">
                                                <android.widget.TextView index="0" package="in.gov.diksha.app" class="android.widget.TextView" text="Test support sanity Survey" checkable="false" checked="false" clickable="false" enabled="true" focusable="false" focused="false" long-clickable="false" password="false" scrollable="false" selected="false" bounds="[189,1408][892,1474]" displayed="true" hint="" a11y-important="false" screen-reader-focusable="false" drawing-order="0" showing-hint="false" text-entry-key="false" dismissable="false" a11y-focused="false" heading="false" live-region="0" context-clickable="false" content-invalid="false" tooltip-text="" window-id="8549" />
                                              </android.view.View>
                                            </android.view.View>
                                          </android.view.View>
                                        </android.view.View>
                                      </android.widget.ListView>
                                    </android.view.View>
                                  </android.view.View>
                                </android.view.View>
                              </android.view.View>
                            </android.view.View>
                          </android.view.View>
                        </android.webkit.WebView>
                      </android.webkit.WebView>
                    </android.view.ViewGroup>
                  </android.view.View>
                </android.view.View>
              </android.view.View>
            </android.view.View>
          </android.view.View>
        </android.widget.FrameLayout>
      </android.widget.FrameLayout>
    </android.widget.LinearLayout>
  </android.widget.FrameLayout>
</hierarchy>
================ PAGE SOURCE END ================


==================================================
 ANSWERING QUESTION 1
==================================================


==================================================
 ANSWERING QUESTION 2
==================================================


==================================================
 OPENING PAGE 2
==================================================


==================================================
 ANSWERING QUESTION 3
==================================================


==================================================
 OPENING PAGE 3
==================================================


==================================================
 ANSWERING QUESTION 4
==================================================


==================================================
 SUBMITTING SURVEY
==================================================


==================================================
 SURVEY SUBMITTED
==================================================

]]></system-out>
  </testcase>
</testsuite>