<?xml version="1.0" encoding="UTF-8"?>
<!-- Generated by org.testng.reporters.JUnitXMLReporter -->
<testsuite ignored="0" hostname="bharat-Latitude-3420" failures="0" tests="3" name="DIKSHA End To End Automation" time="715.611" errors="0" timestamp="2026-07-15T14:52:45 IST">
  <testcase classname="tests.TestUserOnboarding" name="launchApp" time="182.011"/>
  <testcase classname="tests.TestUserProfile" name="updateProfile" time="140.72"/>
  <testcase classname="tests.TestUserConsumption" name="ProjectConsumption" time="368.882"/>
</testsuite> <!-- DIKSHA End To End Automation -->
